# JRE version: Java(TM) SE Runtime Environment (17.0.12+8) (build 17.0.12+8-LTS-286)
# Java VM: Java HotSpot(TM) 64-Bit Server VM (17.0.12+8-LTS-286, mixed mode, sharing, tiered, compressed oops, compressed class ptrs, g1 gc, windows-amd64)
GC Precious Log:
 CPUs: 8 total, 8 available
 Memory: 20293M
 Large Page Support: Disabled
 NUMA Support: Disabled
 Compressed Oops: Enabled (Zero based)
 Heap Region Size: 4M
 Heap Min Capacity: 8M
 Heap Initial Capacity: 320M
 Heap Max Capacity: 5076M
 Pre-touch: Disabled
 Parallel Workers: 8
 Concurrent Workers: 2
 Concurrent Refinement Workers: 8
 Periodic GC: Disabled
Heap:
 garbage-first heap   total 180224K, used 81203K [0x00000006c2c00000, 0x0000000800000000)
  region size 4096K, 11 young (45056K), 3 survivors (12288K)
 Metaspace       used 27365K, committed 27648K, reserved 1114112K
  class space    used 3129K, committed 3264K, reserved 1048576K
GC Heap History (18 events):
Event: 0.948 GC heap before
{Heap before GC invocations=0 (full 0):
 garbage-first heap   total 327680K, used 20480K [0x00000006c2c00000, 0x0000000800000000)
  region size 4096K, 5 young (20480K), 0 survivors (0K)
 Metaspace       used 5429K, committed 5632K, reserved 1114112K
  class space    used 647K, committed 768K, reserved 1048576K
}
Event: 0.956 GC heap after
{Heap after GC invocations=1 (full 0):
 garbage-first heap   total 327680K, used 3689K [0x00000006c2c00000, 0x0000000800000000)
  region size 4096K, 1 young (4096K), 1 survivors (4096K)
 Metaspace       used 5429K, committed 5632K, reserved 1114112K
  class space    used 647K, committed 768K, reserved 1048576K
}
Event: 1.502 GC heap before
{Heap before GC invocations=1 (full 0):
 garbage-first heap   total 327680K, used 24169K [0x00000006c2c00000, 0x0000000800000000)
  region size 4096K, 6 young (24576K), 1 survivors (4096K)
 Metaspace       used 7138K, committed 7296K, reserved 1114112K
  class space    used 847K, committed 896K, reserved 1048576K
}
Event: 1.505 GC heap after
{Heap after GC invocations=2 (full 0):
 garbage-first heap   total 327680K, used 4570K [0x00000006c2c00000, 0x0000000800000000)
  region size 4096K, 1 young (4096K), 1 survivors (4096K)
 Metaspace       used 7138K, committed 7296K, reserved 1114112K
  class space    used 847K, committed 896K, reserved 1048576K
}
Event: 2.770 GC heap before
{Heap before GC invocations=2 (full 0):
 garbage-first heap   total 327680K, used 57818K [0x00000006c2c00000, 0x0000000800000000)
  region size 4096K, 14 young (57344K), 1 survivors (4096K)
 Metaspace       used 15254K, committed 15424K, reserved 1114112K
  class space    used 1847K, committed 1920K, reserved 1048576K
}
Event: 2.775 GC heap after
{Heap after GC invocations=3 (full 0):
 garbage-first heap   total 327680K, used 9079K [0x00000006c2c00000, 0x0000000800000000)
  region size 4096K, 2 young (8192K), 2 survivors (8192K)
 Metaspace       used 15254K, committed 15424K, reserved 1114112K
  class space    used 1847K, committed 1920K, reserved 1048576K
}
Event: 4.149 GC heap before
{Heap before GC invocations=3 (full 0):
 garbage-first heap   total 327680K, used 86903K [0x00000006c2c00000, 0x0000000800000000)
  region size 4096K, 22 young (90112K), 2 survivors (8192K)
 Metaspace       used 21203K, committed 21504K, reserved 1114112K
  class space    used 2513K, committed 2688K, reserved 1048576K
}
Event: 4.156 GC heap after
{Heap after GC invocations=4 (full 0):
 garbage-first heap   total 327680K, used 14212K [0x00000006c2c00000, 0x0000000800000000)
  region size 4096K, 3 young (12288K), 3 survivors (12288K)
 Metaspace       used 21203K, committed 21504K, reserved 1114112K
  class space    used 2513K, committed 2688K, reserved 1048576K
}
Event: 4.481 GC heap before
{Heap before GC invocations=5 (full 0):
 garbage-first heap   total 69632K, used 42884K [0x00000006c2c00000, 0x0000000800000000)
  region size 4096K, 10 young (40960K), 3 survivors (12288K)
 Metaspace       used 24452K, committed 24704K, reserved 1114112K
  class space    used 2829K, committed 2944K, reserved 1048576K
}
Event: 4.495 GC heap after
{Heap after GC invocations=6 (full 0):
 garbage-first heap   total 69632K, used 24760K [0x00000006c2c00000, 0x0000000800000000)
  region size 4096K, 2 young (8192K), 2 survivors (8192K)
 Metaspace       used 24452K, committed 24704K, reserved 1114112K
  class space    used 2829K, committed 2944K, reserved 1048576K
}
Event: 4.539 GC heap before
{Heap before GC invocations=6 (full 0):
 garbage-first heap   total 69632K, used 28856K [0x00000006c2c00000, 0x0000000800000000)
  region size 4096K, 3 young (12288K), 2 survivors (8192K)
 Metaspace       used 24462K, committed 24704K, reserved 1114112K
  class space    used 2829K, committed 2944K, reserved 1048576K
}
Event: 4.550 GC heap after
{Heap after GC invocations=7 (full 0):
 garbage-first heap   total 69632K, used 28167K [0x00000006c2c00000, 0x0000000800000000)
  region size 4096K, 1 young (4096K), 1 survivors (4096K)
 Metaspace       used 24462K, committed 24704K, reserved 1114112K
  class space    used 2829K, committed 2944K, reserved 1048576K
}
Event: 4.757 GC heap before
{Heap before GC invocations=7 (full 0):
 garbage-first heap   total 69632K, used 44551K [0x00000006c2c00000, 0x0000000800000000)
  region size 4096K, 5 young (20480K), 1 survivors (4096K)
 Metaspace       used 25161K, committed 25472K, reserved 1114112K
  class space    used 2911K, committed 3072K, reserved 1048576K
}
Event: 4.764 GC heap after
{Heap after GC invocations=8 (full 0):
 garbage-first heap   total 69632K, used 33553K [0x00000006c2c00000, 0x0000000800000000)
  region size 4096K, 1 young (4096K), 1 survivors (4096K)
 Metaspace       used 25161K, committed 25472K, reserved 1114112K
  class space    used 2911K, committed 3072K, reserved 1048576K
}
Event: 4.816 GC heap before
{Heap before GC invocations=8 (full 0):
 garbage-first heap   total 69632K, used 41745K [0x00000006c2c00000, 0x0000000800000000)
  region size 4096K, 4 young (16384K), 1 survivors (4096K)
 Metaspace       used 25167K, committed 25472K, reserved 1114112K
  class space    used 2911K, committed 3072K, reserved 1048576K
}
Event: 4.825 GC heap after
{Heap after GC invocations=9 (full 0):
 garbage-first heap   total 200704K, used 41357K [0x00000006c2c00000, 0x0000000800000000)
  region size 4096K, 1 young (4096K), 1 survivors (4096K)
 Metaspace       used 25167K, committed 25472K, reserved 1114112K
  class space    used 2911K, committed 3072K, reserved 1048576K
}
Event: 5.356 GC heap before
{Heap before GC invocations=10 (full 0):
 garbage-first heap   total 180224K, used 102797K [0x00000006c2c00000, 0x0000000800000000)
  region size 4096K, 17 young (69632K), 1 survivors (4096K)
 Metaspace       used 26429K, committed 26688K, reserved 1114112K
  class space    used 3007K, committed 3136K, reserved 1048576K
}
Event: 5.368 GC heap after
{Heap after GC invocations=11 (full 0):
 garbage-first heap   total 180224K, used 52531K [0x00000006c2c00000, 0x0000000800000000)
  region size 4096K, 3 young (12288K), 3 survivors (12288K)
 Metaspace       used 26429K, committed 26688K, reserved 1114112K
  class space    used 3007K, committed 3136K, reserved 1048576K
}

