<?xml version="1.0" encoding="UTF-8"?>
<testsuite xmlns:xsi="http://www.w3.org/2001/XMLSchema-instance" xsi:noNamespaceSchemaLocation="https://maven.apache.org/surefire/maven-surefire-plugin/xsd/surefire-test-report-3.0.xsd" version="3.0" name="Services.Estados_ServicesTest" time="0.029" tests="2" errors="0" skipped="0" failures="0">
  <properties>
[...]
</properties>
  <testcase name="consultarTodos_CuandoRepositorioFalla_LanzaServiceException" classname="Services.Estados_ServicesTest" time="0.023"/>
  <testcase name="consultarTodos_CuandoHayDatos_DevuelveListaCorrecta" classname="Services.Estados_ServicesTest" time="0.003"/>
</testsuite>